<?xml version="1.0" encoding="UTF-8" ?>
<testsuite failures="0" time="0.065" errors="0" skipped="0" tests="38" name="org.apache.commons.lang3.time.DateUtilsTest">
  <properties>
    <property name="java.runtime.name" value="Java(TM) SE Runtime Environment"/>
    <property name="sun.boot.library.path" value="/opt/jdk1.7.0_80/jre/lib/amd64"/>
    <property name="java.vm.version" value="24.80-b11"/>
    <property name="java.vm.vendor" value="Oracle Corporation"/>
    <property name="maven.multiModuleProjectDirectory" value="/media/disk2/ali/hyapr-experiments/capgen/d4j-progs/Lang_6_buggy"/>
    <property name="java.vendor.url" value="http://java.oracle.com/"/>
    <property name="path.separator" value=":"/>
    <property name="guice.disable.misplaced.annotation.check" value="true"/>
    <property name="java.vm.name" value="Java HotSpot(TM) 64-Bit Server VM"/>
    <property name="file.encoding.pkg" value="sun.io"/>
    <property name="user.country" value="US"/>
    <property name="sun.java.launcher" value="SUN_STANDARD"/>
    <property name="sun.os.patch.level" value="unknown"/>
    <property name="java.vm.specification.name" value="Java Virtual Machine Specification"/>
    <property name="user.dir" value="/media/disk2/ali/hyapr-experiments/capgen/d4j-progs/Lang_6_buggy"/>
    <property name="java.runtime.version" value="1.7.0_80-b15"/>
    <property name="java.awt.graphicsenv" value="sun.awt.X11GraphicsEnvironment"/>
    <property name="java.endorsed.dirs" value="/opt/jdk1.7.0_80/jre/lib/endorsed"/>
    <property name="os.arch" value="amd64"/>
    <property name="java.io.tmpdir" value="/tmp"/>
    <property name="line.separator" value="
"/>
    <property name="java.vm.specification.vendor" value="Oracle Corporation"/>
    <property name="os.name" value="Linux"/>
    <property name="classworlds.conf" value="/usr/share/maven/bin/m2.conf"/>
    <property name="sun.jnu.encoding" value="UTF-8"/>
    <property name="java.library.path" value="/usr/java/packages/lib/amd64:/usr/lib64:/lib64:/lib:/usr/lib"/>
    <property name="maven.conf" value="/usr/share/maven/conf"/>
    <property name="java.specification.name" value="Java Platform API Specification"/>
    <property name="java.class.version" value="51.0"/>
    <property name="sun.management.compiler" value="HotSpot 64-Bit Tiered Compilers"/>
    <property name="os.version" value="4.15.0-72-generic"/>
    <property name="library.jansi.path" value="/usr/share/maven/lib/jansi-native"/>
    <property name="user.home" value="/home/ali"/>
    <property name="user.timezone" value="America/Chicago"/>
    <property name="java.awt.printerjob" value="sun.print.PSPrinterJob"/>
    <property name="java.specification.version" value="1.7"/>
    <property name="file.encoding" value="UTF-8"/>
    <property name="user.name" value="ali"/>
    <property name="java.class.path" value="/usr/share/maven/boot/plexus-classworlds-2.x.jar"/>
    <property name="java.vm.specification.version" value="1.7"/>
    <property name="sun.arch.data.model" value="64"/>
    <property name="java.home" value="/opt/jdk1.7.0_80/jre"/>
    <property name="sun.java.command" value="org.codehaus.plexus.classworlds.launcher.Launcher surefire:test"/>
    <property name="java.specification.vendor" value="Oracle Corporation"/>
    <property name="user.language" value="en"/>
    <property name="awt.toolkit" value="sun.awt.X11.XToolkit"/>
    <property name="java.vm.info" value="mixed mode"/>
    <property name="java.version" value="1.7.0_80"/>
    <property name="java.ext.dirs" value="/opt/jdk1.7.0_80/jre/lib/ext:/usr/java/packages/lib/ext"/>
    <property name="securerandom.source" value="file:/dev/./urandom"/>
    <property name="sun.boot.class.path" value="/opt/jdk1.7.0_80/jre/lib/resources.jar:/opt/jdk1.7.0_80/jre/lib/rt.jar:/opt/jdk1.7.0_80/jre/lib/sunrsasign.jar:/opt/jdk1.7.0_80/jre/lib/jsse.jar:/opt/jdk1.7.0_80/jre/lib/jce.jar:/opt/jdk1.7.0_80/jre/lib/charsets.jar:/opt/jdk1.7.0_80/jre/lib/jfr.jar:/opt/jdk1.7.0_80/jre/classes"/>
    <property name="java.vendor" value="Oracle Corporation"/>
    <property name="maven.home" value="/usr/share/maven"/>
    <property name="file.separator" value="/"/>
    <property name="java.vendor.url.bug" value="http://bugreport.sun.com/bugreport/"/>
    <property name="sun.cpu.endian" value="little"/>
    <property name="sun.io.unicode.encoding" value="UnicodeLittle"/>
    <property name="sun.cpu.isalist" value=""/>
  </properties>
  <testcase time="0.001" classname="org.apache.commons.lang3.time.DateUtilsTest" name="testParseDateWithLeniency"/>
  <testcase time="0.001" classname="org.apache.commons.lang3.time.DateUtilsTest" name="testAddMinutes"/>
  <testcase time="0.005" classname="org.apache.commons.lang3.time.DateUtilsTest" name="testMonthIterator"/>
  <testcase time="0.001" classname="org.apache.commons.lang3.time.DateUtilsTest" name="testRoundLang346"/>
  <testcase time="0.001" classname="org.apache.commons.lang3.time.DateUtilsTest" name="testLANG799_DE_OK"/>
  <testcase time="0" classname="org.apache.commons.lang3.time.DateUtilsTest" name="testLANG799_EN_OK"/>
  <testcase time="0.001" classname="org.apache.commons.lang3.time.DateUtilsTest" name="testSetMilliseconds"/>
  <testcase time="0.004" classname="org.apache.commons.lang3.time.DateUtilsTest" name="testTruncate"/>
  <testcase time="0.001" classname="org.apache.commons.lang3.time.DateUtilsTest" name="testIsSameLocalTime_Cal"/>
  <testcase time="0.001" classname="org.apache.commons.lang3.time.DateUtilsTest" name="testAddDays"/>
  <testcase time="0.001" classname="org.apache.commons.lang3.time.DateUtilsTest" name="testLANG799_EN_WITH_DE_LOCALE"/>
  <testcase time="0.005" classname="org.apache.commons.lang3.time.DateUtilsTest" name="testRound"/>
  <testcase time="0.001" classname="org.apache.commons.lang3.time.DateUtilsTest" name="testParseDate"/>
  <testcase time="0.007" classname="org.apache.commons.lang3.time.DateUtilsTest" name="testCeil"/>
  <testcase time="0.001" classname="org.apache.commons.lang3.time.DateUtilsTest" name="testAddSeconds"/>
  <testcase time="0.001" classname="org.apache.commons.lang3.time.DateUtilsTest" name="testLANG799_EN_FAIL"/>
  <testcase time="0.001" classname="org.apache.commons.lang3.time.DateUtilsTest" name="testSetMinutes"/>
  <testcase time="0.001" classname="org.apache.commons.lang3.time.DateUtilsTest" name="testToCalendar"/>
  <testcase time="0.001" classname="org.apache.commons.lang3.time.DateUtilsTest" name="testAddHours"/>
  <testcase time="0.001" classname="org.apache.commons.lang3.time.DateUtilsTest" name="testAddWeeks"/>
  <testcase time="0.001" classname="org.apache.commons.lang3.time.DateUtilsTest" name="testAddYears"/>
  <testcase time="0.001" classname="org.apache.commons.lang3.time.DateUtilsTest" name="testTruncateLang59"/>
  <testcase time="0.001" classname="org.apache.commons.lang3.time.DateUtilsTest" name="testIsSameInstant_Date"/>
  <testcase time="0.001" classname="org.apache.commons.lang3.time.DateUtilsTest" name="testLang530"/>
  <testcase time="0.001" classname="org.apache.commons.lang3.time.DateUtilsTest" name="testSetSeconds"/>
  <testcase time="0" classname="org.apache.commons.lang3.time.DateUtilsTest" name="testIsSameInstant_Cal"/>
  <testcase time="0.001" classname="org.apache.commons.lang3.time.DateUtilsTest" name="testAddMonths"/>
  <testcase time="0.015" classname="org.apache.commons.lang3.time.DateUtilsTest" name="testWeekIterator"/>
  <testcase time="0.001" classname="org.apache.commons.lang3.time.DateUtilsTest" name="testSetMonths"/>
  <testcase time="0.001" classname="org.apache.commons.lang3.time.DateUtilsTest" name="testSetDays"/>
  <testcase time="0.001" classname="org.apache.commons.lang3.time.DateUtilsTest" name="testIsSameDay_Date"/>
  <testcase time="0.001" classname="org.apache.commons.lang3.time.DateUtilsTest" name="testIsSameDay_Cal"/>
  <testcase time="0.001" classname="org.apache.commons.lang3.time.DateUtilsTest" name="testIteratorEx"/>
  <testcase time="0" classname="org.apache.commons.lang3.time.DateUtilsTest" name="testAddMilliseconds"/>
  <testcase time="0" classname="org.apache.commons.lang3.time.DateUtilsTest" name="testConstructor"/>
  <testcase time="0.001" classname="org.apache.commons.lang3.time.DateUtilsTest" name="testSetHours"/>
  <testcase time="0.001" classname="org.apache.commons.lang3.time.DateUtilsTest" name="testSetYears"/>
  <testcase time="0.001" classname="org.apache.commons.lang3.time.DateUtilsTest" name="testLANG799_DE_FAIL"/>
</testsuite>