<?xml version="1.0" encoding="UTF-8" ?>
<testsuite failures="0" time="0.003" errors="0" skipped="0" tests="76" name="org.apache.commons.lang3.math.NumberUtilsTest">
  <properties>
    <property name="java.runtime.name" value="Java(TM) SE Runtime Environment"/>
    <property name="sun.boot.library.path" value="/opt/jdk1.7.0_80/jre/lib/amd64"/>
    <property name="java.vm.version" value="24.80-b11"/>
    <property name="java.vm.vendor" value="Oracle Corporation"/>
    <property name="maven.multiModuleProjectDirectory" value="/media/disk2/ali/hyapr-experiments/capgen/d4j-progs/Lang_6_buggy"/>
    <property name="java.vendor.url" value="http://java.oracle.com/"/>
    <property name="path.separator" value=":"/>
    <property name="guice.disable.misplaced.annotation.check" value="true"/>
    <property name="java.vm.name" value="Java HotSpot(TM) 64-Bit Server VM"/>
    <property name="file.encoding.pkg" value="sun.io"/>
    <property name="user.country" value="US"/>
    <property name="sun.java.launcher" value="SUN_STANDARD"/>
    <property name="sun.os.patch.level" value="unknown"/>
    <property name="java.vm.specification.name" value="Java Virtual Machine Specification"/>
    <property name="user.dir" value="/media/disk2/ali/hyapr-experiments/capgen/d4j-progs/Lang_6_buggy"/>
    <property name="java.runtime.version" value="1.7.0_80-b15"/>
    <property name="java.awt.graphicsenv" value="sun.awt.X11GraphicsEnvironment"/>
    <property name="java.endorsed.dirs" value="/opt/jdk1.7.0_80/jre/lib/endorsed"/>
    <property name="os.arch" value="amd64"/>
    <property name="java.io.tmpdir" value="/tmp"/>
    <property name="line.separator" value="
"/>
    <property name="java.vm.specification.vendor" value="Oracle Corporation"/>
    <property name="os.name" value="Linux"/>
    <property name="classworlds.conf" value="/usr/share/maven/bin/m2.conf"/>
    <property name="sun.jnu.encoding" value="UTF-8"/>
    <property name="java.library.path" value="/usr/java/packages/lib/amd64:/usr/lib64:/lib64:/lib:/usr/lib"/>
    <property name="maven.conf" value="/usr/share/maven/conf"/>
    <property name="java.specification.name" value="Java Platform API Specification"/>
    <property name="java.class.version" value="51.0"/>
    <property name="sun.management.compiler" value="HotSpot 64-Bit Tiered Compilers"/>
    <property name="os.version" value="4.15.0-72-generic"/>
    <property name="library.jansi.path" value="/usr/share/maven/lib/jansi-native"/>
    <property name="user.home" value="/home/ali"/>
    <property name="user.timezone" value="America/Chicago"/>
    <property name="java.awt.printerjob" value="sun.print.PSPrinterJob"/>
    <property name="java.specification.version" value="1.7"/>
    <property name="file.encoding" value="UTF-8"/>
    <property name="user.name" value="ali"/>
    <property name="java.class.path" value="/usr/share/maven/boot/plexus-classworlds-2.x.jar"/>
    <property name="java.vm.specification.version" value="1.7"/>
    <property name="sun.arch.data.model" value="64"/>
    <property name="java.home" value="/opt/jdk1.7.0_80/jre"/>
    <property name="sun.java.command" value="org.codehaus.plexus.classworlds.launcher.Launcher surefire:test"/>
    <property name="java.specification.vendor" value="Oracle Corporation"/>
    <property name="user.language" value="en"/>
    <property name="awt.toolkit" value="sun.awt.X11.XToolkit"/>
    <property name="java.vm.info" value="mixed mode"/>
    <property name="java.version" value="1.7.0_80"/>
    <property name="java.ext.dirs" value="/opt/jdk1.7.0_80/jre/lib/ext:/usr/java/packages/lib/ext"/>
    <property name="securerandom.source" value="file:/dev/./urandom"/>
    <property name="sun.boot.class.path" value="/opt/jdk1.7.0_80/jre/lib/resources.jar:/opt/jdk1.7.0_80/jre/lib/rt.jar:/opt/jdk1.7.0_80/jre/lib/sunrsasign.jar:/opt/jdk1.7.0_80/jre/lib/jsse.jar:/opt/jdk1.7.0_80/jre/lib/jce.jar:/opt/jdk1.7.0_80/jre/lib/charsets.jar:/opt/jdk1.7.0_80/jre/lib/jfr.jar:/opt/jdk1.7.0_80/jre/classes"/>
    <property name="java.vendor" value="Oracle Corporation"/>
    <property name="maven.home" value="/usr/share/maven"/>
    <property name="file.separator" value="/"/>
    <property name="java.vendor.url.bug" value="http://bugreport.sun.com/bugreport/"/>
    <property name="sun.cpu.endian" value="little"/>
    <property name="sun.io.unicode.encoding" value="UnicodeLittle"/>
    <property name="sun.cpu.isalist" value=""/>
  </properties>
  <testcase time="0" classname="org.apache.commons.lang3.math.NumberUtilsTest" name="testMaximumDouble"/>
  <testcase time="0" classname="org.apache.commons.lang3.math.NumberUtilsTest" name="testToFloatStringF"/>
  <testcase time="0" classname="org.apache.commons.lang3.math.NumberUtilsTest" name="testMinDouble_emptyArray"/>
  <testcase time="0" classname="org.apache.commons.lang3.math.NumberUtilsTest" name="testMinimumFloat"/>
  <testcase time="0" classname="org.apache.commons.lang3.math.NumberUtilsTest" name="testMinimumShort"/>
  <testcase time="0" classname="org.apache.commons.lang3.math.NumberUtilsTest" name="testMinLong_nullArray"/>
  <testcase time="0.001" classname="org.apache.commons.lang3.math.NumberUtilsTest" name="testCreateNumber"/>
  <testcase time="0" classname="org.apache.commons.lang3.math.NumberUtilsTest" name="testToLongString"/>
  <testcase time="0" classname="org.apache.commons.lang3.math.NumberUtilsTest" name="testMaxByte_emptyArray"/>
  <testcase time="0" classname="org.apache.commons.lang3.math.NumberUtilsTest" name="testToIntStringI"/>
  <testcase time="0" classname="org.apache.commons.lang3.math.NumberUtilsTest" name="testMaxShort_nullArray"/>
  <testcase time="0" classname="org.apache.commons.lang3.math.NumberUtilsTest" name="testToIntString"/>
  <testcase time="0" classname="org.apache.commons.lang3.math.NumberUtilsTest" name="testMinShort_emptyArray"/>
  <testcase time="0" classname="org.apache.commons.lang3.math.NumberUtilsTest" name="testCreateFloat"/>
  <testcase time="0" classname="org.apache.commons.lang3.math.NumberUtilsTest" name="testMaxShort_emptyArray"/>
  <testcase time="0" classname="org.apache.commons.lang3.math.NumberUtilsTest" name="testMinimumInt"/>
  <testcase time="0" classname="org.apache.commons.lang3.math.NumberUtilsTest" name="testMinDouble_nullArray"/>
  <testcase time="0" classname="org.apache.commons.lang3.math.NumberUtilsTest" name="testMaxDouble_nullArray"/>
  <testcase time="0" classname="org.apache.commons.lang3.math.NumberUtilsTest" name="testMaxDouble_emptyArray"/>
  <testcase time="0" classname="org.apache.commons.lang3.math.NumberUtilsTest" name="testMaxInt_emptyArray"/>
  <testcase time="0" classname="org.apache.commons.lang3.math.NumberUtilsTest" name="testMaxLong_emptyArray"/>
  <testcase time="0" classname="org.apache.commons.lang3.math.NumberUtilsTest" name="testToByteStringI"/>
  <testcase time="0" classname="org.apache.commons.lang3.math.NumberUtilsTest" name="testToFloatString"/>
  <testcase time="0" classname="org.apache.commons.lang3.math.NumberUtilsTest" name="testMinFloat_emptyArray"/>
  <testcase time="0" classname="org.apache.commons.lang3.math.NumberUtilsTest" name="testMinFloat"/>
  <testcase time="0" classname="org.apache.commons.lang3.math.NumberUtilsTest" name="testMaxFloat_emptyArray"/>
  <testcase time="0" classname="org.apache.commons.lang3.math.NumberUtilsTest" name="testMinShort"/>
  <testcase time="0" classname="org.apache.commons.lang3.math.NumberUtilsTest" name="testCreateNumberMagnitude"/>
  <testcase time="0" classname="org.apache.commons.lang3.math.NumberUtilsTest" name="testMinFloat_nullArray"/>
  <testcase time="0" classname="org.apache.commons.lang3.math.NumberUtilsTest" name="testToByteString"/>
  <testcase time="0" classname="org.apache.commons.lang3.math.NumberUtilsTest" name="testLang300"/>
  <testcase time="0" classname="org.apache.commons.lang3.math.NumberUtilsTest" name="testLang381"/>
  <testcase time="0" classname="org.apache.commons.lang3.math.NumberUtilsTest" name="testMaxDouble"/>
  <testcase time="0" classname="org.apache.commons.lang3.math.NumberUtilsTest" name="testMinimumDouble"/>
  <testcase time="0" classname="org.apache.commons.lang3.math.NumberUtilsTest" name="testMaxLong_nullArray"/>
  <testcase time="0" classname="org.apache.commons.lang3.math.NumberUtilsTest" name="testIsDigits"/>
  <testcase time="0" classname="org.apache.commons.lang3.math.NumberUtilsTest" name="testMinByte_nullArray"/>
  <testcase time="0" classname="org.apache.commons.lang3.math.NumberUtilsTest" name="testCreateBigDecimal"/>
  <testcase time="0" classname="org.apache.commons.lang3.math.NumberUtilsTest" name="testConstants"/>
  <testcase time="0" classname="org.apache.commons.lang3.math.NumberUtilsTest" name="testCompareDouble"/>
  <testcase time="0" classname="org.apache.commons.lang3.math.NumberUtilsTest" name="testMinimumByte"/>
  <testcase time="0" classname="org.apache.commons.lang3.math.NumberUtilsTest" name="testMinimumLong"/>
  <testcase time="0.001" classname="org.apache.commons.lang3.math.NumberUtilsTest" name="testIsNumber"/>
  <testcase time="0" classname="org.apache.commons.lang3.math.NumberUtilsTest" name="testMinDouble"/>
  <testcase time="0" classname="org.apache.commons.lang3.math.NumberUtilsTest" name="testMaxByte"/>
  <testcase time="0" classname="org.apache.commons.lang3.math.NumberUtilsTest" name="testMaxLong"/>
  <testcase time="0" classname="org.apache.commons.lang3.math.NumberUtilsTest" name="testMaxFloat_nullArray"/>
  <testcase time="0" classname="org.apache.commons.lang3.math.NumberUtilsTest" name="testCreateBigInteger"/>
  <testcase time="0" classname="org.apache.commons.lang3.math.NumberUtilsTest" name="testCreateLong"/>
  <testcase time="0.001" classname="org.apache.commons.lang3.math.NumberUtilsTest" name="testMinByte"/>
  <testcase time="0" classname="org.apache.commons.lang3.math.NumberUtilsTest" name="testMinLong"/>
  <testcase time="0" classname="org.apache.commons.lang3.math.NumberUtilsTest" name="testMaximumInt"/>
  <testcase time="0" classname="org.apache.commons.lang3.math.NumberUtilsTest" name="testMaximumByte"/>
  <testcase time="0" classname="org.apache.commons.lang3.math.NumberUtilsTest" name="testMaximumLong"/>
  <testcase time="0" classname="org.apache.commons.lang3.math.NumberUtilsTest" name="testMaxFloat"/>
  <testcase time="0" classname="org.apache.commons.lang3.math.NumberUtilsTest" name="testMaxShort"/>
  <testcase time="0" classname="org.apache.commons.lang3.math.NumberUtilsTest" name="testCompareFloat"/>
  <testcase time="0" classname="org.apache.commons.lang3.math.NumberUtilsTest" name="testMinInt_emptyArray"/>
  <testcase time="0" classname="org.apache.commons.lang3.math.NumberUtilsTest" name="testMinByte_emptyArray"/>
  <testcase time="0" classname="org.apache.commons.lang3.math.NumberUtilsTest" name="testMaxInt"/>
  <testcase time="0" classname="org.apache.commons.lang3.math.NumberUtilsTest" name="testMinInt"/>
  <testcase time="0" classname="org.apache.commons.lang3.math.NumberUtilsTest" name="testMinInt_nullArray"/>
  <testcase time="0" classname="org.apache.commons.lang3.math.NumberUtilsTest" name="testMinShort_nullArray"/>
  <testcase time="0" classname="org.apache.commons.lang3.math.NumberUtilsTest" name="testMaxInt_nullArray"/>
  <testcase time="0" classname="org.apache.commons.lang3.math.NumberUtilsTest" name="testStringToDoubleString"/>
  <testcase time="0" classname="org.apache.commons.lang3.math.NumberUtilsTest" name="testMaximumFloat"/>
  <testcase time="0" classname="org.apache.commons.lang3.math.NumberUtilsTest" name="testMaximumShort"/>
  <testcase time="0" classname="org.apache.commons.lang3.math.NumberUtilsTest" name="testToShortStringI"/>
  <testcase time="0" classname="org.apache.commons.lang3.math.NumberUtilsTest" name="testCreateInteger"/>
  <testcase time="0" classname="org.apache.commons.lang3.math.NumberUtilsTest" name="testToLongStringL"/>
  <testcase time="0" classname="org.apache.commons.lang3.math.NumberUtilsTest" name="testStringToDoubleStringD"/>
  <testcase time="0" classname="org.apache.commons.lang3.math.NumberUtilsTest" name="testToShortString"/>
  <testcase time="0" classname="org.apache.commons.lang3.math.NumberUtilsTest" name="testConstructor"/>
  <testcase time="0" classname="org.apache.commons.lang3.math.NumberUtilsTest" name="testMaxByte_nullArray"/>
  <testcase time="0" classname="org.apache.commons.lang3.math.NumberUtilsTest" name="testCreateDouble"/>
  <testcase time="0" classname="org.apache.commons.lang3.math.NumberUtilsTest" name="testMinLong_emptyArray"/>
</testsuite>